	--- egmGsfElectronIDs:heepElectronID-HEEPV70 added to patElectrons
	--- egmGsfElectronIDs:mvaEleID-Summer16UL-ID-ISO-HZZ added to patElectrons
	--- egmGsfElectronIDs:mvaEleID-Summer17UL-ID-ISO-HZZ added to patElectrons
	--- egmGsfElectronIDs:mvaEleID-Summer18UL-ID-ISO-HZZ added to patElectrons
	--- egmGsfElectronIDs:mvaEleID-Winter22-HZZ-V1 added to patElectrons
	--- egmGsfElectronIDs:cutBasedElectronID-Fall17-94X-V2-loose added to patElectrons
	--- egmGsfElectronIDs:cutBasedElectronID-Fall17-94X-V2-medium added to patElectrons
	--- egmGsfElectronIDs:cutBasedElectronID-Fall17-94X-V2-tight added to patElectrons
	--- egmGsfElectronIDs:cutBasedElectronID-Fall17-94X-V2-veto added to patElectrons
	--- egmGsfElectronIDs:mvaEleID-Fall17-iso-V2-wp80 added to patElectrons
	--- egmGsfElectronIDs:mvaEleID-Fall17-iso-V2-wp90 added to patElectrons
	--- egmGsfElectronIDs:mvaEleID-Fall17-iso-V2-wpHZZ added to patElectrons
	--- egmGsfElectronIDs:mvaEleID-Fall17-iso-V2-wpLoose added to patElectrons
	--- egmGsfElectronIDs:mvaEleID-Fall17-noIso-V2-wp80 added to patElectrons
	--- egmGsfElectronIDs:mvaEleID-Fall17-noIso-V2-wp90 added to patElectrons
	--- egmGsfElectronIDs:mvaEleID-Fall17-noIso-V2-wpLoose added to patElectrons
	--- egmGsfElectronIDs:cutBasedElectronID-RunIIIWinter22-V1-loose added to patElectrons
	--- egmGsfElectronIDs:cutBasedElectronID-RunIIIWinter22-V1-medium added to patElectrons
	--- egmGsfElectronIDs:cutBasedElectronID-RunIIIWinter22-V1-tight added to patElectrons
	--- egmGsfElectronIDs:cutBasedElectronID-RunIIIWinter22-V1-veto added to patElectrons
	--- egmGsfElectronIDs:mvaEleID-RunIIIWinter22-iso-V1-wp80 added to patElectrons
	--- egmGsfElectronIDs:mvaEleID-RunIIIWinter22-iso-V1-wp90 added to patElectrons
	--- egmGsfElectronIDs:mvaEleID-RunIIIWinter22-noIso-V1-wp80 added to patElectrons
	--- egmGsfElectronIDs:mvaEleID-RunIIIWinter22-noIso-V1-wp90 added to patElectrons
	--- egmPhotonIDs:cutBasedPhotonID-RunIIIWinter22-122X-V1-loose added to patPhotons
	--- egmPhotonIDs:cutBasedPhotonID-RunIIIWinter22-122X-V1-medium added to patPhotons
	--- egmPhotonIDs:cutBasedPhotonID-RunIIIWinter22-122X-V1-tight added to patPhotons
	--- egmPhotonIDs:mvaPhoID-RunIIIWinter22-v1-wp80 added to patPhotons
	--- egmPhotonIDs:mvaPhoID-RunIIIWinter22-v1-wp90 added to patPhotons
	--- egmPhotonIDs:cutBasedPhotonID-Fall17-94X-V2-loose added to patPhotons
	--- egmPhotonIDs:cutBasedPhotonID-Fall17-94X-V2-medium added to patPhotons
	--- egmPhotonIDs:cutBasedPhotonID-Fall17-94X-V2-tight added to patPhotons
	--- egmPhotonIDs:mvaPhoID-RunIIFall17-v2-wp80 added to patPhotons
	--- egmPhotonIDs:mvaPhoID-RunIIFall17-v2-wp90 added to patPhotons
02-Jul-2026 22:42:41 CEST  Initiating request to open file file:/users/ang.li/public/SUEP/Generation/SVJ/Production/processing/CMSSW_14_0_21/src/AODSIM_fix.root
02-Jul-2026 22:42:43 CEST  Successfully opened file file:/users/ang.li/public/SUEP/Generation/SVJ/Production/processing/CMSSW_14_0_21/src/AODSIM_fix.root
                         : Booking "electronPROMPTMVA" of type "BDT" from /cvmfs/cms.cern.ch/el8_amd64_gcc12/cms/cmssw/CMSSW_15_0_2/external/el8_amd64_gcc12/data/PhysicsTools/NanoAOD/data/el_BDTG_2022.weights.xml.
                         : Reading weight file: /cvmfs/cms.cern.ch/el8_amd64_gcc12/cms/cmssw/CMSSW_15_0_2/external/el8_amd64_gcc12/data/PhysicsTools/NanoAOD/data/el_BDTG_2022.weights.xml
<HEADER> DataSetInfo              : [Default] : Added class "Signal"
<HEADER> DataSetInfo              : [Default] : Added class "Background"
                         : Booked classifier "BDTG" of type: "BDT"
                         : Booking "muonMVALowPt" of type "BDT" from /cvmfs/cms.cern.ch/el8_amd64_gcc12/cms/cmssw/CMSSW_15_0_2/external/el8_amd64_gcc12/data/PhysicsTools/NanoAOD/data/mu_BDTG_lowpt.weights.xml.
                         : Reading weight file: /cvmfs/cms.cern.ch/el8_amd64_gcc12/cms/cmssw/CMSSW_15_0_2/external/el8_amd64_gcc12/data/PhysicsTools/NanoAOD/data/mu_BDTG_lowpt.weights.xml
<HEADER> DataSetInfo              : [Default] : Added class "Signal"
<HEADER> DataSetInfo              : [Default] : Added class "Background"
                         : Booked classifier "BDTG" of type: "BDT"
                         : Booking "muonPROMPTMVA" of type "BDT" from /cvmfs/cms.cern.ch/el8_amd64_gcc12/cms/cmssw/CMSSW_15_0_2/external/el8_amd64_gcc12/data/PhysicsTools/NanoAOD/data/mu_BDTG_2022.weights.xml.
                         : Reading weight file: /cvmfs/cms.cern.ch/el8_amd64_gcc12/cms/cmssw/CMSSW_15_0_2/external/el8_amd64_gcc12/data/PhysicsTools/NanoAOD/data/mu_BDTG_2022.weights.xml
<HEADER> DataSetInfo              : [Default] : Added class "Signal"
<HEADER> DataSetInfo              : [Default] : Added class "Background"
                         : Booked classifier "BDTG" of type: "BDT"
------------------------------------------------------------------------------
TauSpinnerTableProducer/tauSpinnerTable
Input collection: prunedGenParticles
Table name: TauSpinner
Theta: 0,0p25,0p5,minus0p25,0p375,

 *************************************
 *     TAUOLA C++ Interface v1.1.8   *
 *-----------------------------------*
 *                                   *
 *   (c) Nadia    Davidson,   (1,2)  *
 *   (c) Gizo     Nanava,     (3)    *
 *       Tomasz   Przedzinski,(4)    *
 *       Elzbieta Richter-Was,(2,4)  *
 *       Zbigniew Was         (2,5)  *
 *                                   *
 *  1) Unimelb, Melbourne, Australia *
 *  2)     INP, Krakow, Poland       *
 *  3) University Bonn, Germany      *
 *  4)      UJ, Krakow, Poland       *
 *  5)    CERN, Geneva, Switzerland  *
 *************************************
Reading SANC input files.
File 'table1-1.txt'  missing... skipped.
File 'table2-2.txt'  missing... skipped.
File 'table11-11.txt' missing... skipped.

initPDFSetByName: NNPDF31_nnlo_hessian_pdfas
LHAPDF 6.4.0 loading /cvmfs/cms.cern.ch/el8_amd64_gcc12/external/lhapdf/6.4.0-a73374d8d6da1aa2194ba51da76db01b/share/LHAPDF/NNPDF31_nnlo_hessian_pdfas/NNPDF31_nnlo_hessian_pdfas_0000.dat
NNPDF31_nnlo_hessian_pdfas PDF set, member #0, version 1; LHAPDF ID = 306000
 ------------------------------------------------------
 TauSpinner v2.0.4
 -----------------
   15.Aug.2017    
 by Z. Czyczula (until 2015), T. Przedzinski, E. Richter-Was, Z. Was,
  matrix elements implementations 
  also J. Kalinowski, W. Kotlarski and  M. Bachmani
 ------------------------------------------------------
 Ipp - true for pp collision; otherwise polarization
       of individual taus from Z/gamma* is set to 0.0
 Ipp    = 1
 CMSENE - used in PDF calculations; only if Ipp = true
          and only for Z/gamma*
 CMSENE = 13600
 Ipol - relevant for Z/gamma* decays 
 0 - events generated without spin effects                
 1 - events generated with all spin effects               
 2 - events generated with spin correlations and <pol>=0  
 3 - events generated with spin correlations and
     polarization but missing angular dependence of <pol>
 Ipol    = 0
 Ipol - relevant for Z/gamma* decays 
 NOTE: For Ipol=0,1 algorithm is identical.               
       However in user program role of wt need change.    
 nonSM2  = 0
 1/0 extra term in cross section, density matrix on/off   
 nonSMN  = 0
 1/0 extra term in cross section, for shapes only? on/off 
 note KEY - for options of matrix elements calculations   
            in cases of final states  with two jets       
 ------------------------------------------------------   
%MSG-w LogicError:  GenWeightsTableProducer:genWeightsTable@beginRun  02-Jul-2026 22:43:24 CEST Run: 1
::getByLabel: An attempt was made to read a Run product before endRun() was called.
The product is of type 'LHERunInfoProduct'.
The specified ModuleLabel was 'externalLHEProducer'.
The specified productInstanceName was ''.

%MSG
%MSG-w LogicError:  GenWeightsTableProducer:genWeightsTable@beginRun  02-Jul-2026 22:43:24 CEST Run: 1
::getByLabel: An attempt was made to read a Run product before endRun() was called.
The product is of type 'LHERunInfoProduct'.
The specified ModuleLabel was 'source'.
The specified productInstanceName was ''.

%MSG
%MSG-w LogicError:  HTXSRivetProducer:rivetProducerHTXS@beginRun  02-Jul-2026 22:43:24 CEST Run: 1
::getByLabel: An attempt was made to read a Run product before endRun() was called.
The product is of type 'LHERunInfoProduct'.
The specified ModuleLabel was 'externalLHEProducer'.
The specified productInstanceName was ''.

%MSG
Begin processing the 1st record. Run 1, Event 1, LumiSection 1 on stream 0 at 02-Jul-2026 22:43:25.775 CEST
#--------------------------------------------------------------------------
#                         FastJet release 3.4.1
#                 M. Cacciari, G.P. Salam and G. Soyez                  
#     A software package for jet finding and analysis at colliders      
#                           http://fastjet.fr                           
#	                                                                      
# Please cite EPJC72(2012)1896 [arXiv:1111.6097] if you use this package
# for scientific work and optionally PLB641(2006)57 [hep-ph/0512210].   
#                                                                       
# FastJet is provided without warranty under the GNU GPL v2 or higher.  
# It uses T. Chan's closest pair algorithm, S. Fortune's Voronoi code
# and 3rd party plugin jet algorithms. See COPYING file for details.
#--------------------------------------------------------------------------
%MSG-w TauSpinnerTableProducer::produce:   TauSpinnerTableProducer:tauSpinnerTable 02-Jul-2026 22:43:28 CEST  Run: 1 Event: 1
Current event has 0 taus from boson decay while there must be exactly one pair; table with default weights is produced.

%MSG
%MSG-w LHETablesProducer:  GenWeightsTableProducer:genWeightsTable  02-Jul-2026 22:43:29 CEST Run: 1 Event: 1
No LHEEventProduct, so there will be no LHE Tables

%MSG
==============================================================
========     HiggsTemplateCrossSections Initialization     =========
==============================================================
Rivet.Analysis.HiggsTemplateCrossSections: WARN  No HIGGSPRODMODE shell variable found. Needed when running Rivet stand-alone.
==============================================================
========             Higgs prod mode 0              =========
========          Sucessful Initialization           =========
==============================================================
Rivet.Analysis.HiggsTemplateCrossSections: WARN  Unkown Higgs production mechanism. Cannot classify event. Classification for all events will most likely fail.
                         : Rebuilding Dataset Default
                         : Rebuilding Dataset Default
Begin processing the 2nd record. Run 1, Event 2, LumiSection 1 on stream 0 at 02-Jul-2026 22:43:32.934 CEST
%MSG-w TauSpinnerTableProducer::produce:   TauSpinnerTableProducer:tauSpinnerTable 02-Jul-2026 22:43:33 CEST  Run: 1 Event: 2
Current event has 0 taus from boson decay while there must be exactly one pair; table with default weights is produced.

%MSG
Rivet.Analysis.HiggsTemplateCrossSections: WARN  Unkown Higgs production mechanism. Cannot classify event. Classification for all events will most likely fail.
%MSG-w NullTransverseMomentum:   JetFlavourClustering:genJetAK8FlavourAssociation 02-Jul-2026 22:43:33 CEST  Run: 1 Event: 2
dropping input candidate with pt=0
%MSG
Begin processing the 3rd record. Run 1, Event 3, LumiSection 1 on stream 0 at 02-Jul-2026 22:43:33.163 CEST
%MSG-w TauSpinnerTableProducer::produce:   TauSpinnerTableProducer:tauSpinnerTable 02-Jul-2026 22:43:33 CEST  Run: 1 Event: 3
Current event has 0 taus from boson decay while there must be exactly one pair; table with default weights is produced.

%MSG
Rivet.Analysis.HiggsTemplateCrossSections: WARN  Unkown Higgs production mechanism. Cannot classify event. Classification for all events will most likely fail.
Begin processing the 4th record. Run 1, Event 4, LumiSection 1 on stream 0 at 02-Jul-2026 22:43:33.426 CEST
%MSG-w TauSpinnerTableProducer::produce:   TauSpinnerTableProducer:tauSpinnerTable 02-Jul-2026 22:43:33 CEST  Run: 1 Event: 4
Current event has 0 taus from boson decay while there must be exactly one pair; table with default weights is produced.

%MSG
Rivet.Analysis.HiggsTemplateCrossSections: WARN  Unkown Higgs production mechanism. Cannot classify event. Classification for all events will most likely fail.
Begin processing the 5th record. Run 1, Event 5, LumiSection 1 on stream 0 at 02-Jul-2026 22:43:33.863 CEST
%MSG-w TauSpinnerTableProducer::produce:   TauSpinnerTableProducer:tauSpinnerTable 02-Jul-2026 22:43:33 CEST  Run: 1 Event: 5
Current event has 0 taus from boson decay while there must be exactly one pair; table with default weights is produced.

%MSG
Rivet.Analysis.HiggsTemplateCrossSections: WARN  Unkown Higgs production mechanism. Cannot classify event. Classification for all events will most likely fail.
Begin processing the 6th record. Run 1, Event 6, LumiSection 1 on stream 0 at 02-Jul-2026 22:43:34.431 CEST
%MSG-w TauSpinnerTableProducer::produce:   TauSpinnerTableProducer:tauSpinnerTable 02-Jul-2026 22:43:34 CEST  Run: 1 Event: 6
Current event has 0 taus from boson decay while there must be exactly one pair; table with default weights is produced.

%MSG
Rivet.Analysis.HiggsTemplateCrossSections: WARN  Unkown Higgs production mechanism. Cannot classify event. Classification for all events will most likely fail.
Begin processing the 7th record. Run 1, Event 7, LumiSection 1 on stream 0 at 02-Jul-2026 22:43:34.791 CEST
%MSG-w TauSpinnerTableProducer::produce:   TauSpinnerTableProducer:tauSpinnerTable 02-Jul-2026 22:43:34 CEST  Run: 1 Event: 7
Current event has 0 taus from boson decay while there must be exactly one pair; table with default weights is produced.

%MSG
Rivet.Analysis.HiggsTemplateCrossSections: WARN  Unkown Higgs production mechanism. Cannot classify event. Classification for all events will most likely fail.
Begin processing the 8th record. Run 1, Event 8, LumiSection 1 on stream 0 at 02-Jul-2026 22:43:35.292 CEST
%MSG-w TauSpinnerTableProducer::produce:   TauSpinnerTableProducer:tauSpinnerTable 02-Jul-2026 22:43:35 CEST  Run: 1 Event: 8
Current event has 0 taus from boson decay while there must be exactly one pair; table with default weights is produced.

%MSG
Rivet.Analysis.HiggsTemplateCrossSections: WARN  Unkown Higgs production mechanism. Cannot classify event. Classification for all events will most likely fail.
                         : Rebuilding Dataset Default
%MSG-w NullTransverseMomentum:   JetFlavourClustering:genJetAK8FlavourAssociation 02-Jul-2026 22:43:36 CEST  Run: 1 Event: 8
dropping input candidate with pt=0
%MSG
Begin processing the 9th record. Run 1, Event 9, LumiSection 1 on stream 0 at 02-Jul-2026 22:43:36.127 CEST
%MSG-w TauSpinnerTableProducer::produce:   TauSpinnerTableProducer:tauSpinnerTable 02-Jul-2026 22:43:36 CEST  Run: 1 Event: 9
Current event has 0 taus from boson decay while there must be exactly one pair; table with default weights is produced.

%MSG
Rivet.Analysis.HiggsTemplateCrossSections: WARN  Unkown Higgs production mechanism. Cannot classify event. Classification for all events will most likely fail.
%MSG-w NullTransverseMomentum:   JetFlavourClustering:genJetAK8FlavourAssociation 02-Jul-2026 22:43:36 CEST  Run: 1 Event: 9
dropping input candidate with pt=0
%MSG
Begin processing the 10th record. Run 1, Event 10, LumiSection 1 on stream 0 at 02-Jul-2026 22:43:36.522 CEST
Rivet.Analysis.HiggsTemplateCrossSections: WARN  Unkown Higgs production mechanism. Cannot classify event. Classification for all events will most likely fail.
Rivet.Analysis.HiggsTemplateCrossSections: INFO   ====================================================== 
Rivet.Analysis.HiggsTemplateCrossSections: INFO        Higgs Template X-Sec Categorization Tool          
Rivet.Analysis.HiggsTemplateCrossSections: INFO                  Status Code Summary                     
Rivet.Analysis.HiggsTemplateCrossSections: INFO   ====================================================== 
Rivet.Analysis.HiggsTemplateCrossSections: INFO       >>>> All 0 events successfully categorized!
Rivet.Analysis.HiggsTemplateCrossSections: INFO   ====================================================== 
Rivet.Analysis.HiggsTemplateCrossSections: INFO   ====================================================== 
02-Jul-2026 22:43:36 CEST  Closed file file:/users/ang.li/public/SUEP/Generation/SVJ/Production/processing/CMSSW_14_0_21/src/AODSIM_fix.root
TimeReport> Time report complete in 89.0631 seconds
 Time Summary: 
 - Min event:   0.225231
 - Max event:   7.14915
 - Avg event:   1.1099
 - Total loop:  15.1547
 - Total init:  73.9079
 - Total job:   89.0631
 - Total EventSetup: 3.11705
 - Total non-module: 0.240561
 Event Throughput: 0.65986 ev/s
 CPU Summary: 
 - Total loop:     14.3114
 - Total init:     41.2037
 - Total extra:    0
 - Total children: 0.065328
 - Total job:      55.5155
 Processing Summary: 
 - Number of Events:  10
 - Number of Global Begin Lumi Calls:  1
 - Number of Global Begin Run Calls: 1


The MCnet usage guidelines apply to Rivet: see http://www.montecarlonet.org/GUIDELINES
Please acknowledge Rivet in results made using it, and cite https://arxiv.org/abs/1912.05451
Thanks for using LHAPDF 6.4.0. Please make sure to cite the paper:
  Eur.Phys.J. C75 (2015) 3, 132  (http://arxiv.org/abs/1412.7420)



 ***************************************************************************
 *                         *****TAUOLA LIBRARY: VERSION 2.9 ******         *
 *                         ***********October 2011 ***************         *
 *                         **AUTHORS: S.JADACH, Z.WAS*************         *
 *                         **R. DECKER, M. JEZABEK, J.H.KUEHN*****         *
 *                         **AVAILABLE FROM: www.cern.ch/wasm****          *
 *                         ***** PUBLISHED IN COMP. PHYS. COMM.***         *
 *                         0: Physics initialization  CLEO collab          *
 *                          see Alain Weinstein www home page:             *
 *                         http://www.cithep.caltech.edu/~ajw/             *
 *                         /korb_doc.html#files                            *
 *                         1: Physics initialization RChL of:              *
 *                          O. Shekhovtsova, T. Przedzinski,               *
 *                          P. Roig and Z. Was                             *
 *                          IFJPAN-2013-5, UAB-FT-731                      *
 *                         *******CPC 76 (1993) 361          *****         *
 *                         **5 or more pi dec.: precision limited          *
 *                         ****DEKAY ROUTINE: INITIALIZATION******         *
 *                   0     JAK1   = DECAY MODE TAU+                        *
 *                   0     JAK2   = DECAY MODE TAU-                        *
 ***************************************************************************

 *                   0     IVER   = hadronic current version           *
  RANMAR INITIALIZED:   54217137           0         0

 ***************************************************************************

  KORB: rho/rhop -> pi-pi0 mixing:
  KORB: rho   =  0.769900024      0.151199996    
  KORB: rhop  =   1.37000000      0.509999990     -0.109999999    
  KORB: K*/K*prime -> Kpi mixing:
  KORB: kstp  =   1.70000005      0.234999999      -3.79999988E-02
  KORB: a1/a1prime -> 3pi, KKpi mixing:
  KORB: a1    =   1.27499998      0.699999988    
  KORB: a1prim=   1.46099997      0.250000000       0.00000000    
  KORB: K1A/K1B -> Kpipi mixing:
  KORB: K1A   =   1.26999998       9.00000036E-02   1.00000000    
  KORB: K1B   =   1.40199995      0.173999995      0.800000012    
  KORB: rho/rhop/rhopp -> 4pi mixing:
  KORB: rho   =  0.769900024      0.151199996    
  KORB: rhopp =   1.46500003      0.310000002     -0.109999999    
  KORB: rhoppp=   1.70000005      0.234999999     -0.109999999    
  KORB: 3PI-PI0 PARAMS:   0.00000000      0.124200001      0.160400003      0.271100014      0.444299996    
  KORB: PI-3PI0 PARAMS:   0.00000000       1.00000000    
  In F3pi: add (rho-pi S-wave) + (rhop-pi S-wave) +
               (rho-pi D-wave) + (rhop-pi D-wave) +
    (f2 pi D-wave) + (sigmapi S-wave) + (f0pi S-wave)
